[MFLOG|0|2024-09-23T21:34:28.946509Z|runtime|87aacb51-44c2-4605-8e7a-f1f947dd509e]Installing required packages...
[MFLOG|0|2024-09-23T21:34:29.133852Z|runtime|c9fc50de-b4f1-404b-bce4-514c6c6a391a]Requirement already satisfied: tensorflow==2.17.0 in /opt/homebrew/anaconda3/envs/intern/lib/python3.11/site-packages (2.17.0)
[MFLOG|0|2024-09-23T21:34:29.134022Z|runtime|45200935-3fd6-40b6-9789-eae00f3bcce5]Requirement already satisfied: keras==3.5.0 in /opt/homebrew/anaconda3/envs/intern/lib/python3.11/site-packages (3.5.0)
[MFLOG|0|2024-09-23T21:34:29.134219Z|runtime|d6ab5353-0bdb-4d93-89db-6602e3841118]Requirement already satisfied: numpy==1.26.4 in /opt/homebrew/anaconda3/envs/intern/lib/python3.11/site-packages (1.26.4)
[MFLOG|0|2024-09-23T21:34:29.134404Z|runtime|d62406b6-fc06-47ea-85f0-ce8ae9170140]Requirement already satisfied: pandas==2.1.4 in /opt/homebrew/anaconda3/envs/intern/lib/python3.11/site-packages (2.1.4)
[MFLOG|0|2024-09-23T21:34:29.134553Z|runtime|1400a8cb-aafa-4f66-b4e8-15056fe56e1c]Requirement already satisfied: scikit-learn==1.2.2 in /opt/homebrew/anaconda3/envs/intern/lib/python3.11/site-packages (1.2.2)
[MFLOG|0|2024-09-23T21:34:29.134707Z|runtime|6b806745-d650-448a-8517-e000e2504b27]Requirement already satisfied: transformers==4.44.2 in /opt/homebrew/anaconda3/envs/intern/lib/python3.11/site-packages (4.44.2)
[MFLOG|0|2024-09-23T21:34:29.134882Z|runtime|c07371be-98a6-4112-8142-aa78dea180c5]Requirement already satisfied: h5py==3.11.0 in /opt/homebrew/anaconda3/envs/intern/lib/python3.11/site-packages (3.11.0)
[MFLOG|0|2024-09-23T21:34:29.135072Z|runtime|9da244de-f6ab-441c-8137-db8c71b668a0]Requirement already satisfied: six==1.16.0 in /opt/homebrew/anaconda3/envs/intern/lib/python3.11/site-packages (1.16.0)
[MFLOG|0|2024-09-23T21:34:29.135245Z|runtime|3ff797cd-c05b-47de-92d1-fdcd9955d70c]Requirement already satisfied: protobuf==4.24.4 in /opt/homebrew/anaconda3/envs/intern/lib/python3.11/site-packages (4.24.4)
[MFLOG|0|2024-09-23T21:34:29.135393Z|runtime|82a54a0a-ec12-40be-a4f4-2a3c529e9593]Requirement already satisfied: gast==0.5.4 in /opt/homebrew/anaconda3/envs/intern/lib/python3.11/site-packages (0.5.4)
[MFLOG|0|2024-09-23T21:34:29.135542Z|runtime|259a6ecd-87b0-49b8-bb1a-3ce312c60bde]Requirement already satisfied: typing-extensions==4.12.2 in /opt/homebrew/anaconda3/envs/intern/lib/python3.11/site-packages (4.12.2)
[MFLOG|0|2024-09-23T21:34:29.137724Z|runtime|2023a773-9202-40df-8934-433026217be2]Requirement already satisfied: absl-py>=1.0.0 in /opt/homebrew/anaconda3/envs/intern/lib/python3.11/site-packages (from tensorflow==2.17.0) (2.1.0)
[MFLOG|0|2024-09-23T21:34:29.137886Z|runtime|ad305619-e506-48a6-a5ee-c890e77cc61d]Requirement already satisfied: astunparse>=1.6.0 in /opt/homebrew/anaconda3/envs/intern/lib/python3.11/site-packages (from tensorflow==2.17.0) (1.6.3)
[MFLOG|0|2024-09-23T21:34:29.138058Z|runtime|393ef462-3f7c-4095-8d63-b55c215f67b0]Requirement already satisfied: flatbuffers>=24.3.25 in /opt/homebrew/anaconda3/envs/intern/lib/python3.11/site-packages (from tensorflow==2.17.0) (24.3.25)
[MFLOG|0|2024-09-23T21:34:29.138295Z|runtime|7050923f-e76a-4362-8655-5797e7046c16]Requirement already satisfied: google-pasta>=0.1.1 in /opt/homebrew/anaconda3/envs/intern/lib/python3.11/site-packages (from tensorflow==2.17.0) (0.2.0)
[MFLOG|0|2024-09-23T21:34:29.138499Z|runtime|21a5a929-990f-4341-aaf9-9ad7fbb0abd1]Requirement already satisfied: libclang>=13.0.0 in /opt/homebrew/anaconda3/envs/intern/lib/python3.11/site-packages (from tensorflow==2.17.0) (18.1.1)
[MFLOG|0|2024-09-23T21:34:29.138673Z|runtime|45ad92e6-39a4-43b0-a72b-66e20b44f925]Requirement already satisfied: ml-dtypes<0.5.0,>=0.3.1 in /opt/homebrew/anaconda3/envs/intern/lib/python3.11/site-packages (from tensorflow==2.17.0) (0.3.2)
[MFLOG|0|2024-09-23T21:34:29.138842Z|runtime|5e36de40-634d-42e3-9c77-7dc8fc4bd9c3]Requirement already satisfied: opt-einsum>=2.3.2 in /opt/homebrew/anaconda3/envs/intern/lib/python3.11/site-packages (from tensorflow==2.17.0) (3.3.0)
[MFLOG|0|2024-09-23T21:34:29.139018Z|runtime|008c5bfc-b142-4745-ad49-24bbfc648ca4]Requirement already satisfied: packaging in /opt/homebrew/anaconda3/envs/intern/lib/python3.11/site-packages (from tensorflow==2.17.0) (24.1)
[MFLOG|0|2024-09-23T21:34:29.139345Z|runtime|e2959185-44e4-415b-a99d-5486098e26dd]Requirement already satisfied: requests<3,>=2.21.0 in /opt/homebrew/anaconda3/envs/intern/lib/python3.11/site-packages (from tensorflow==2.17.0) (2.32.3)
[MFLOG|0|2024-09-23T21:34:29.139880Z|runtime|4843b01a-4368-408f-a240-197ee65ad166]Requirement already satisfied: setuptools in /opt/homebrew/anaconda3/envs/intern/lib/python3.11/site-packages (from tensorflow==2.17.0) (72.1.0)
[MFLOG|0|2024-09-23T21:34:29.140091Z|runtime|a368be47-5617-41e9-aa7a-fa4120cff1bc]Requirement already satisfied: termcolor>=1.1.0 in /opt/homebrew/anaconda3/envs/intern/lib/python3.11/site-packages (from tensorflow==2.17.0) (2.4.0)
[MFLOG|0|2024-09-23T21:34:29.140305Z|runtime|89caded1-86bb-4796-b8e6-f80f0b742691]Requirement already satisfied: wrapt>=1.11.0 in /opt/homebrew/anaconda3/envs/intern/lib/python3.11/site-packages (from tensorflow==2.17.0) (1.16.0)
[MFLOG|0|2024-09-23T21:34:29.140479Z|runtime|5afebe0d-0dd2-4c8f-8467-0770619cf652]Requirement already satisfied: grpcio<2.0,>=1.24.3 in /opt/homebrew/anaconda3/envs/intern/lib/python3.11/site-packages (from tensorflow==2.17.0) (1.66.1)
[MFLOG|0|2024-09-23T21:34:29.140643Z|runtime|6b8a6f7c-aa29-412f-ac08-536fccdeb1d6]Requirement already satisfied: tensorboard<2.18,>=2.17 in /opt/homebrew/anaconda3/envs/intern/lib/python3.11/site-packages (from tensorflow==2.17.0) (2.17.1)
[MFLOG|0|2024-09-23T21:34:29.140892Z|runtime|7880eb46-6a35-49d7-9fe0-8e7c1daed3dd]Requirement already satisfied: tensorflow-io-gcs-filesystem>=0.23.1 in /opt/homebrew/anaconda3/envs/intern/lib/python3.11/site-packages (from tensorflow==2.17.0) (0.37.1)
[MFLOG|0|2024-09-23T21:34:29.141496Z|runtime|def1627f-3c43-4f3c-ab0d-b6829aaf6f68]Requirement already satisfied: rich in /opt/homebrew/anaconda3/envs/intern/lib/python3.11/site-packages (from keras==3.5.0) (13.8.0)
[MFLOG|0|2024-09-23T21:34:29.141621Z|runtime|4f34b491-949d-4aac-a94f-64bbb3690130]Requirement already satisfied: namex in /opt/homebrew/anaconda3/envs/intern/lib/python3.11/site-packages (from keras==3.5.0) (0.0.8)
[MFLOG|0|2024-09-23T21:34:29.141777Z|runtime|3249e9d2-973f-4cfd-b034-687922a36e72]Requirement already satisfied: optree in /opt/homebrew/anaconda3/envs/intern/lib/python3.11/site-packages (from keras==3.5.0) (0.12.1)
[MFLOG|0|2024-09-23T21:34:29.148810Z|runtime|8cf6644e-1fe2-47d4-986f-6fa4150d011e]Requirement already satisfied: python-dateutil>=2.8.2 in /opt/homebrew/anaconda3/envs/intern/lib/python3.11/site-packages (from pandas==2.1.4) (2.9.0.post0)
[MFLOG|0|2024-09-23T21:34:29.148978Z|runtime|460696f5-424f-4e07-814b-6f750c3a8717]Requirement already satisfied: pytz>=2020.1 in /opt/homebrew/anaconda3/envs/intern/lib/python3.11/site-packages (from pandas==2.1.4) (2024.1)
[MFLOG|0|2024-09-23T21:34:29.149370Z|runtime|504930e0-894c-423a-b1b1-14a9d3683439]Requirement already satisfied: tzdata>=2022.1 in /opt/homebrew/anaconda3/envs/intern/lib/python3.11/site-packages (from pandas==2.1.4) (2024.1)
[MFLOG|0|2024-09-23T21:34:29.151607Z|runtime|38c37fbc-4e6a-491a-8494-27a892914f1c]Requirement already satisfied: scipy>=1.3.2 in /opt/homebrew/anaconda3/envs/intern/lib/python3.11/site-packages (from scikit-learn==1.2.2) (1.14.1)
[MFLOG|0|2024-09-23T21:34:29.151789Z|runtime|b2be79ee-9a4b-46a8-9332-f56f23ec408e]Requirement already satisfied: joblib>=1.1.1 in /opt/homebrew/anaconda3/envs/intern/lib/python3.11/site-packages (from scikit-learn==1.2.2) (1.4.2)
[MFLOG|0|2024-09-23T21:34:29.151937Z|runtime|9bc894c0-ce3e-4654-b3e2-39a031e40203]Requirement already satisfied: threadpoolctl>=2.0.0 in /opt/homebrew/anaconda3/envs/intern/lib/python3.11/site-packages (from scikit-learn==1.2.2) (3.5.0)
[MFLOG|0|2024-09-23T21:34:29.171471Z|runtime|070dd5bc-6bef-45cf-bdcd-2697f2eb50f3]Requirement already satisfied: filelock in /opt/homebrew/anaconda3/envs/intern/lib/python3.11/site-packages (from transformers==4.44.2) (3.15.4)
[MFLOG|0|2024-09-23T21:34:29.171663Z|runtime|20035db5-bfa2-44ef-a950-267a2f832142]Requirement already satisfied: huggingface-hub<1.0,>=0.23.2 in /opt/homebrew/anaconda3/envs/intern/lib/python3.11/site-packages (from transformers==4.44.2) (0.25.0)
[MFLOG|0|2024-09-23T21:34:29.171956Z|runtime|6587c3c1-c8a6-4b08-b9cc-bb4a448c5509]Requirement already satisfied: pyyaml>=5.1 in /opt/homebrew/anaconda3/envs/intern/lib/python3.11/site-packages (from transformers==4.44.2) (6.0.2)
[MFLOG|0|2024-09-23T21:34:29.172138Z|runtime|518dff78-2952-4473-bb41-4cc11f0300b2]Requirement already satisfied: regex!=2019.12.17 in /opt/homebrew/anaconda3/envs/intern/lib/python3.11/site-packages (from transformers==4.44.2) (2024.9.11)
[MFLOG|0|2024-09-23T21:34:29.172343Z|runtime|98685bdb-3ef9-4d7f-a094-703a2bb36479]Requirement already satisfied: safetensors>=0.4.1 in /opt/homebrew/anaconda3/envs/intern/lib/python3.11/site-packages (from transformers==4.44.2) (0.4.5)
[MFLOG|0|2024-09-23T21:34:29.172520Z|runtime|dd46d4df-3bf1-42f7-bac6-87140b490ef9]Requirement already satisfied: tokenizers<0.20,>=0.19 in /opt/homebrew/anaconda3/envs/intern/lib/python3.11/site-packages (from transformers==4.44.2) (0.19.1)
[MFLOG|0|2024-09-23T21:34:29.172727Z|runtime|6c5687d1-1d6a-4926-bd55-f9024446ac94]Requirement already satisfied: tqdm>=4.27 in /opt/homebrew/anaconda3/envs/intern/lib/python3.11/site-packages (from transformers==4.44.2) (4.66.5)
[MFLOG|0|2024-09-23T21:34:29.175901Z|runtime|fee08bbb-823b-4410-acba-960eb00a9fe6]Requirement already satisfied: wheel<1.0,>=0.23.0 in /opt/homebrew/anaconda3/envs/intern/lib/python3.11/site-packages (from astunparse>=1.6.0->tensorflow==2.17.0) (0.43.0)
[MFLOG|0|2024-09-23T21:34:29.181189Z|runtime|89180210-ef19-468b-991c-d4740ed3e8d4]Requirement already satisfied: fsspec>=2023.5.0 in /opt/homebrew/anaconda3/envs/intern/lib/python3.11/site-packages (from huggingface-hub<1.0,>=0.23.2->transformers==4.44.2) (2024.6.1)
[MFLOG|0|2024-09-23T21:34:29.188798Z|runtime|084a7638-3b17-43cf-9ef3-142a1f7f3b1b]Requirement already satisfied: charset-normalizer<4,>=2 in /opt/homebrew/anaconda3/envs/intern/lib/python3.11/site-packages (from requests<3,>=2.21.0->tensorflow==2.17.0) (3.3.2)
[MFLOG|0|2024-09-23T21:34:29.189002Z|runtime|0ac398f4-3116-4f4e-8dc7-24b8b9ead6ae]Requirement already satisfied: idna<4,>=2.5 in /opt/homebrew/anaconda3/envs/intern/lib/python3.11/site-packages (from requests<3,>=2.21.0->tensorflow==2.17.0) (3.8)
[MFLOG|0|2024-09-23T21:34:29.189197Z|runtime|94d618a2-305f-4343-88a0-130fe712deb1]Requirement already satisfied: urllib3<3,>=1.21.1 in /opt/homebrew/anaconda3/envs/intern/lib/python3.11/site-packages (from requests<3,>=2.21.0->tensorflow==2.17.0) (2.2.2)
[MFLOG|0|2024-09-23T21:34:29.189371Z|runtime|b79c1512-2d87-4501-a86a-081ff3149708]Requirement already satisfied: certifi>=2017.4.17 in /opt/homebrew/anaconda3/envs/intern/lib/python3.11/site-packages (from requests<3,>=2.21.0->tensorflow==2.17.0) (2024.8.30)
[MFLOG|0|2024-09-23T21:34:29.195247Z|runtime|665c07e8-2885-4642-8fd1-03e4bfc1e6f9]Requirement already satisfied: markdown>=2.6.8 in /opt/homebrew/anaconda3/envs/intern/lib/python3.11/site-packages (from tensorboard<2.18,>=2.17->tensorflow==2.17.0) (3.7)
[MFLOG|0|2024-09-23T21:34:29.195975Z|runtime|5b3ffda4-fd1e-4a92-9b8c-11c7c730a3f8]Requirement already satisfied: tensorboard-data-server<0.8.0,>=0.7.0 in /opt/homebrew/anaconda3/envs/intern/lib/python3.11/site-packages (from tensorboard<2.18,>=2.17->tensorflow==2.17.0) (0.7.2)
[MFLOG|0|2024-09-23T21:34:29.196152Z|runtime|b61451f1-05d5-46ac-ab5f-8711f563de5a]Requirement already satisfied: werkzeug>=1.0.1 in /opt/homebrew/anaconda3/envs/intern/lib/python3.11/site-packages (from tensorboard<2.18,>=2.17->tensorflow==2.17.0) (3.0.4)
[MFLOG|0|2024-09-23T21:34:29.208172Z|runtime|483da3e9-0c1f-4394-b136-d9e3bcba68ee]Requirement already satisfied: markdown-it-py>=2.2.0 in /opt/homebrew/anaconda3/envs/intern/lib/python3.11/site-packages (from rich->keras==3.5.0) (3.0.0)
[MFLOG|0|2024-09-23T21:34:29.208346Z|runtime|13646e1a-5694-4542-b508-3ace1a08f579]Requirement already satisfied: pygments<3.0.0,>=2.13.0 in /opt/homebrew/anaconda3/envs/intern/lib/python3.11/site-packages (from rich->keras==3.5.0) (2.18.0)
[MFLOG|0|2024-09-23T21:34:29.216181Z|runtime|90e2fadc-0ae5-4ee6-8a41-3603f87d0189]Requirement already satisfied: mdurl~=0.1 in /opt/homebrew/anaconda3/envs/intern/lib/python3.11/site-packages (from markdown-it-py>=2.2.0->rich->keras==3.5.0) (0.1.2)
[MFLOG|0|2024-09-23T21:34:29.219022Z|runtime|b320fcc2-c4ce-49e0-b2ef-c1dc08433337]Requirement already satisfied: MarkupSafe>=2.1.1 in /opt/homebrew/anaconda3/envs/intern/lib/python3.11/site-packages (from werkzeug>=1.0.1->tensorboard<2.18,>=2.17->tensorflow==2.17.0) (2.1.5)
[MFLOG|0|2024-09-23T21:34:29.430256Z|runtime|e85430ba-ffda-443b-add9-28c95db5fa96]Packages installed successfully.
[MFLOG|0|2024-09-23T21:34:29.591585Z|runtime|b1a4bbd2-c0e7-412f-916d-5f1be8a8297d]Starting the training flow...
