[MFLOG|0|2024-09-23T21:36:30.166238Z|runtime|16411834-a793-4aa1-8158-e23f5ccb326f]Installing required packages...
[MFLOG|0|2024-09-23T21:36:30.359366Z|runtime|eeb71b81-4b80-4794-931a-01d85a70f8f1]Requirement already satisfied: tensorflow==2.17.0 in /opt/homebrew/anaconda3/envs/intern/lib/python3.11/site-packages (2.17.0)
[MFLOG|0|2024-09-23T21:36:30.359565Z|runtime|27c5d2cb-b9f1-474c-ab50-84ae9bcb12e0]Requirement already satisfied: keras==3.5.0 in /opt/homebrew/anaconda3/envs/intern/lib/python3.11/site-packages (3.5.0)
[MFLOG|0|2024-09-23T21:36:30.359796Z|runtime|6b8bddd8-3319-43d6-ae0a-b39ba9a4e3fc]Requirement already satisfied: numpy==1.26.4 in /opt/homebrew/anaconda3/envs/intern/lib/python3.11/site-packages (1.26.4)
[MFLOG|0|2024-09-23T21:36:30.359959Z|runtime|e08d4040-8da3-4006-a498-63b1e50eb69e]Requirement already satisfied: pandas==2.1.4 in /opt/homebrew/anaconda3/envs/intern/lib/python3.11/site-packages (2.1.4)
[MFLOG|0|2024-09-23T21:36:30.360145Z|runtime|bd46d90e-a3ed-4d2b-9f9e-f32ac4f480a9]Requirement already satisfied: scikit-learn==1.2.2 in /opt/homebrew/anaconda3/envs/intern/lib/python3.11/site-packages (1.2.2)
[MFLOG|0|2024-09-23T21:36:30.360301Z|runtime|57d3a19e-f5f8-44df-858e-8bc67648977e]Requirement already satisfied: transformers==4.44.2 in /opt/homebrew/anaconda3/envs/intern/lib/python3.11/site-packages (4.44.2)
[MFLOG|0|2024-09-23T21:36:30.360473Z|runtime|bcb1f2e5-3685-4d07-b119-ec00f4edf9ff]Requirement already satisfied: h5py==3.11.0 in /opt/homebrew/anaconda3/envs/intern/lib/python3.11/site-packages (3.11.0)
[MFLOG|0|2024-09-23T21:36:30.360686Z|runtime|35f0540d-94ca-45df-b9e0-6dbb38915d5c]Requirement already satisfied: six==1.16.0 in /opt/homebrew/anaconda3/envs/intern/lib/python3.11/site-packages (1.16.0)
[MFLOG|0|2024-09-23T21:36:30.360854Z|runtime|82498e4b-56fb-4d0a-9ad2-f0e17c7f77bd]Requirement already satisfied: protobuf==4.24.4 in /opt/homebrew/anaconda3/envs/intern/lib/python3.11/site-packages (4.24.4)
[MFLOG|0|2024-09-23T21:36:30.361015Z|runtime|5bd48925-7d0f-4153-a949-0ab22ea67b51]Requirement already satisfied: gast==0.5.4 in /opt/homebrew/anaconda3/envs/intern/lib/python3.11/site-packages (0.5.4)
[MFLOG|0|2024-09-23T21:36:30.361166Z|runtime|78c45cb7-f2ec-4159-be80-b402ab423471]Requirement already satisfied: typing-extensions==4.12.2 in /opt/homebrew/anaconda3/envs/intern/lib/python3.11/site-packages (4.12.2)
[MFLOG|0|2024-09-23T21:36:30.363262Z|runtime|067f1028-0150-4315-8190-02991fcbeaa5]Requirement already satisfied: absl-py>=1.0.0 in /opt/homebrew/anaconda3/envs/intern/lib/python3.11/site-packages (from tensorflow==2.17.0) (2.1.0)
[MFLOG|0|2024-09-23T21:36:30.363440Z|runtime|cdd8895e-038e-499b-a8a0-bd113925cb37]Requirement already satisfied: astunparse>=1.6.0 in /opt/homebrew/anaconda3/envs/intern/lib/python3.11/site-packages (from tensorflow==2.17.0) (1.6.3)
[MFLOG|0|2024-09-23T21:36:30.363600Z|runtime|d8bdab4f-93fc-4417-9445-554b2552b105]Requirement already satisfied: flatbuffers>=24.3.25 in /opt/homebrew/anaconda3/envs/intern/lib/python3.11/site-packages (from tensorflow==2.17.0) (24.3.25)
[MFLOG|0|2024-09-23T21:36:30.363820Z|runtime|491e0367-67a7-4652-a82f-0744a06f918a]Requirement already satisfied: google-pasta>=0.1.1 in /opt/homebrew/anaconda3/envs/intern/lib/python3.11/site-packages (from tensorflow==2.17.0) (0.2.0)
[MFLOG|0|2024-09-23T21:36:30.364033Z|runtime|c2f6da45-30a6-4524-bd1d-33494feda4af]Requirement already satisfied: libclang>=13.0.0 in /opt/homebrew/anaconda3/envs/intern/lib/python3.11/site-packages (from tensorflow==2.17.0) (18.1.1)
[MFLOG|0|2024-09-23T21:36:30.364224Z|runtime|f8e4ebcf-1b3f-43b5-aa71-1c43d1246420]Requirement already satisfied: ml-dtypes<0.5.0,>=0.3.1 in /opt/homebrew/anaconda3/envs/intern/lib/python3.11/site-packages (from tensorflow==2.17.0) (0.3.2)
[MFLOG|0|2024-09-23T21:36:30.364388Z|runtime|ed0517a7-df66-4197-9c4d-773364f441fb]Requirement already satisfied: opt-einsum>=2.3.2 in /opt/homebrew/anaconda3/envs/intern/lib/python3.11/site-packages (from tensorflow==2.17.0) (3.3.0)
[MFLOG|0|2024-09-23T21:36:30.364522Z|runtime|4fef9709-b381-4cc2-8e9f-4aab3d430114]Requirement already satisfied: packaging in /opt/homebrew/anaconda3/envs/intern/lib/python3.11/site-packages (from tensorflow==2.17.0) (24.1)
[MFLOG|0|2024-09-23T21:36:30.364771Z|runtime|bcc85506-3940-466c-8c37-42f8d463d3da]Requirement already satisfied: requests<3,>=2.21.0 in /opt/homebrew/anaconda3/envs/intern/lib/python3.11/site-packages (from tensorflow==2.17.0) (2.32.3)
[MFLOG|0|2024-09-23T21:36:30.365305Z|runtime|3e46d15c-cdd0-4b81-b1fd-511aeab7ecf6]Requirement already satisfied: setuptools in /opt/homebrew/anaconda3/envs/intern/lib/python3.11/site-packages (from tensorflow==2.17.0) (72.1.0)
[MFLOG|0|2024-09-23T21:36:30.365498Z|runtime|b2822149-9258-455a-a9ed-27257dcfc1b8]Requirement already satisfied: termcolor>=1.1.0 in /opt/homebrew/anaconda3/envs/intern/lib/python3.11/site-packages (from tensorflow==2.17.0) (2.4.0)
[MFLOG|0|2024-09-23T21:36:30.365681Z|runtime|d2cc34a9-2df3-4402-bbec-a0f8bf9a7567]Requirement already satisfied: wrapt>=1.11.0 in /opt/homebrew/anaconda3/envs/intern/lib/python3.11/site-packages (from tensorflow==2.17.0) (1.16.0)
[MFLOG|0|2024-09-23T21:36:30.365835Z|runtime|5966823e-0ed8-48f0-be91-264e0f5c8f06]Requirement already satisfied: grpcio<2.0,>=1.24.3 in /opt/homebrew/anaconda3/envs/intern/lib/python3.11/site-packages (from tensorflow==2.17.0) (1.66.1)
[MFLOG|0|2024-09-23T21:36:30.366109Z|runtime|72074003-4fa3-445c-8454-97f916df4d1b]Requirement already satisfied: tensorboard<2.18,>=2.17 in /opt/homebrew/anaconda3/envs/intern/lib/python3.11/site-packages (from tensorflow==2.17.0) (2.17.1)
[MFLOG|0|2024-09-23T21:36:30.366395Z|runtime|4ac64529-63aa-4025-a319-20366a18bcfc]Requirement already satisfied: tensorflow-io-gcs-filesystem>=0.23.1 in /opt/homebrew/anaconda3/envs/intern/lib/python3.11/site-packages (from tensorflow==2.17.0) (0.37.1)
[MFLOG|0|2024-09-23T21:36:30.367042Z|runtime|fb25d73a-09ae-4043-9614-2ecca3a189e9]Requirement already satisfied: rich in /opt/homebrew/anaconda3/envs/intern/lib/python3.11/site-packages (from keras==3.5.0) (13.8.0)
[MFLOG|0|2024-09-23T21:36:30.367187Z|runtime|6de6f913-8186-4611-910f-eebae90f2385]Requirement already satisfied: namex in /opt/homebrew/anaconda3/envs/intern/lib/python3.11/site-packages (from keras==3.5.0) (0.0.8)
[MFLOG|0|2024-09-23T21:36:30.367362Z|runtime|b3059260-6275-4336-8e32-48af7c1cb7b2]Requirement already satisfied: optree in /opt/homebrew/anaconda3/envs/intern/lib/python3.11/site-packages (from keras==3.5.0) (0.12.1)
[MFLOG|0|2024-09-23T21:36:30.373953Z|runtime|b6fd4956-81be-4087-a7bb-64146bd62ef1]Requirement already satisfied: python-dateutil>=2.8.2 in /opt/homebrew/anaconda3/envs/intern/lib/python3.11/site-packages (from pandas==2.1.4) (2.9.0.post0)
[MFLOG|0|2024-09-23T21:36:30.374105Z|runtime|8ba76469-53e5-4612-9245-082936fa035b]Requirement already satisfied: pytz>=2020.1 in /opt/homebrew/anaconda3/envs/intern/lib/python3.11/site-packages (from pandas==2.1.4) (2024.1)
[MFLOG|0|2024-09-23T21:36:30.374270Z|runtime|ec402a9c-d476-4cd5-85c5-580c92659e99]Requirement already satisfied: tzdata>=2022.1 in /opt/homebrew/anaconda3/envs/intern/lib/python3.11/site-packages (from pandas==2.1.4) (2024.1)
[MFLOG|0|2024-09-23T21:36:30.376257Z|runtime|d9a46e90-f3ae-45ad-992f-6c189851dce2]Requirement already satisfied: scipy>=1.3.2 in /opt/homebrew/anaconda3/envs/intern/lib/python3.11/site-packages (from scikit-learn==1.2.2) (1.14.1)
[MFLOG|0|2024-09-23T21:36:30.376407Z|runtime|f5c9ee0b-4786-49c8-8bef-c2f4d286b3d3]Requirement already satisfied: joblib>=1.1.1 in /opt/homebrew/anaconda3/envs/intern/lib/python3.11/site-packages (from scikit-learn==1.2.2) (1.4.2)
[MFLOG|0|2024-09-23T21:36:30.376555Z|runtime|39af0db2-390f-43c0-a161-9cbaf4081f0e]Requirement already satisfied: threadpoolctl>=2.0.0 in /opt/homebrew/anaconda3/envs/intern/lib/python3.11/site-packages (from scikit-learn==1.2.2) (3.5.0)
[MFLOG|0|2024-09-23T21:36:30.395897Z|runtime|df5ceb3c-df77-4313-add6-ec3eb62b4bf1]Requirement already satisfied: filelock in /opt/homebrew/anaconda3/envs/intern/lib/python3.11/site-packages (from transformers==4.44.2) (3.15.4)
[MFLOG|0|2024-09-23T21:36:30.396080Z|runtime|4de0cfb9-ef19-4d0f-9dfc-e46d91b30a5c]Requirement already satisfied: huggingface-hub<1.0,>=0.23.2 in /opt/homebrew/anaconda3/envs/intern/lib/python3.11/site-packages (from transformers==4.44.2) (0.25.0)
[MFLOG|0|2024-09-23T21:36:30.396481Z|runtime|e4b37bb3-8b61-40bb-9116-044e02a31619]Requirement already satisfied: pyyaml>=5.1 in /opt/homebrew/anaconda3/envs/intern/lib/python3.11/site-packages (from transformers==4.44.2) (6.0.2)
[MFLOG|0|2024-09-23T21:36:30.396681Z|runtime|3b75b8ea-c927-4ffd-a298-9cd1a5e66064]Requirement already satisfied: regex!=2019.12.17 in /opt/homebrew/anaconda3/envs/intern/lib/python3.11/site-packages (from transformers==4.44.2) (2024.9.11)
[MFLOG|0|2024-09-23T21:36:30.396897Z|runtime|3297d8f1-a174-4a92-99cf-6fe1e386d672]Requirement already satisfied: safetensors>=0.4.1 in /opt/homebrew/anaconda3/envs/intern/lib/python3.11/site-packages (from transformers==4.44.2) (0.4.5)
[MFLOG|0|2024-09-23T21:36:30.397077Z|runtime|34bfc49e-bdc7-48a3-b197-6f05dc8b7605]Requirement already satisfied: tokenizers<0.20,>=0.19 in /opt/homebrew/anaconda3/envs/intern/lib/python3.11/site-packages (from transformers==4.44.2) (0.19.1)
[MFLOG|0|2024-09-23T21:36:30.397265Z|runtime|6721b797-de56-49f6-9178-28b918fb1c26]Requirement already satisfied: tqdm>=4.27 in /opt/homebrew/anaconda3/envs/intern/lib/python3.11/site-packages (from transformers==4.44.2) (4.66.5)
[MFLOG|0|2024-09-23T21:36:30.400409Z|runtime|6336ceb4-bd2d-4b70-9b22-5e857761362a]Requirement already satisfied: wheel<1.0,>=0.23.0 in /opt/homebrew/anaconda3/envs/intern/lib/python3.11/site-packages (from astunparse>=1.6.0->tensorflow==2.17.0) (0.43.0)
[MFLOG|0|2024-09-23T21:36:30.405299Z|runtime|a941f0bf-30b0-403f-80a7-4a00d45bfedd]Requirement already satisfied: fsspec>=2023.5.0 in /opt/homebrew/anaconda3/envs/intern/lib/python3.11/site-packages (from huggingface-hub<1.0,>=0.23.2->transformers==4.44.2) (2024.6.1)
[MFLOG|0|2024-09-23T21:36:30.412580Z|runtime|8bd6a7fd-99c2-4f8e-b5f4-3582897483d2]Requirement already satisfied: charset-normalizer<4,>=2 in /opt/homebrew/anaconda3/envs/intern/lib/python3.11/site-packages (from requests<3,>=2.21.0->tensorflow==2.17.0) (3.3.2)
[MFLOG|0|2024-09-23T21:36:30.412748Z|runtime|b78a11ef-d2aa-43af-a57f-987fe836dd59]Requirement already satisfied: idna<4,>=2.5 in /opt/homebrew/anaconda3/envs/intern/lib/python3.11/site-packages (from requests<3,>=2.21.0->tensorflow==2.17.0) (3.8)
[MFLOG|0|2024-09-23T21:36:30.412919Z|runtime|f440c6a1-d4f9-4e5f-98ce-13d71674cf7d]Requirement already satisfied: urllib3<3,>=1.21.1 in /opt/homebrew/anaconda3/envs/intern/lib/python3.11/site-packages (from requests<3,>=2.21.0->tensorflow==2.17.0) (2.2.2)
[MFLOG|0|2024-09-23T21:36:30.413097Z|runtime|bb0a0a9a-19f7-43a6-a46c-aad46539985b]Requirement already satisfied: certifi>=2017.4.17 in /opt/homebrew/anaconda3/envs/intern/lib/python3.11/site-packages (from requests<3,>=2.21.0->tensorflow==2.17.0) (2024.8.30)
[MFLOG|0|2024-09-23T21:36:30.418787Z|runtime|de5c6b4a-155c-484d-8cd0-10ec0ee44d4e]Requirement already satisfied: markdown>=2.6.8 in /opt/homebrew/anaconda3/envs/intern/lib/python3.11/site-packages (from tensorboard<2.18,>=2.17->tensorflow==2.17.0) (3.7)
[MFLOG|0|2024-09-23T21:36:30.419561Z|runtime|fc27ba03-fa6a-44b8-aa07-08494fc6c675]Requirement already satisfied: tensorboard-data-server<0.8.0,>=0.7.0 in /opt/homebrew/anaconda3/envs/intern/lib/python3.11/site-packages (from tensorboard<2.18,>=2.17->tensorflow==2.17.0) (0.7.2)
[MFLOG|0|2024-09-23T21:36:30.419755Z|runtime|a6c78dc6-40b4-49b9-ab75-482a5fd8a5cc]Requirement already satisfied: werkzeug>=1.0.1 in /opt/homebrew/anaconda3/envs/intern/lib/python3.11/site-packages (from tensorboard<2.18,>=2.17->tensorflow==2.17.0) (3.0.4)
[MFLOG|0|2024-09-23T21:36:30.431893Z|runtime|01bddf0f-7c9e-4c37-9d19-f12ba539560e]Requirement already satisfied: markdown-it-py>=2.2.0 in /opt/homebrew/anaconda3/envs/intern/lib/python3.11/site-packages (from rich->keras==3.5.0) (3.0.0)
[MFLOG|0|2024-09-23T21:36:30.432071Z|runtime|a0185a93-c572-4ed7-9e54-0a5305084a34]Requirement already satisfied: pygments<3.0.0,>=2.13.0 in /opt/homebrew/anaconda3/envs/intern/lib/python3.11/site-packages (from rich->keras==3.5.0) (2.18.0)
[MFLOG|0|2024-09-23T21:36:30.439728Z|runtime|78a48c60-e4b1-4bd4-ad82-80f08ff6c473]Requirement already satisfied: mdurl~=0.1 in /opt/homebrew/anaconda3/envs/intern/lib/python3.11/site-packages (from markdown-it-py>=2.2.0->rich->keras==3.5.0) (0.1.2)
[MFLOG|0|2024-09-23T21:36:30.442560Z|runtime|3ac1076a-ba33-45f8-bbe0-6399542ca8e9]Requirement already satisfied: MarkupSafe>=2.1.1 in /opt/homebrew/anaconda3/envs/intern/lib/python3.11/site-packages (from werkzeug>=1.0.1->tensorboard<2.18,>=2.17->tensorflow==2.17.0) (2.1.5)
[MFLOG|0|2024-09-23T21:36:30.655612Z|runtime|c24b451f-2a69-423c-b5c8-2d615d0e9990]Packages installed successfully.
[MFLOG|0|2024-09-23T21:36:30.822373Z|runtime|076a064a-7ae8-44e0-b9aa-f7922be6d373]Starting the training flow...
