[MFLOG|0|2024-09-23T21:33:35.611103Z|runtime|c785bdc5-3fd8-446b-b30e-6075de27f658]Installing required packages...
[MFLOG|0|2024-09-23T21:33:35.931160Z|runtime|22b0eca3-9766-4415-9ee7-864a096c30ac]Requirement already satisfied: tensorflow==2.17.0 in /opt/homebrew/anaconda3/envs/intern/lib/python3.11/site-packages (2.17.0)
[MFLOG|0|2024-09-23T21:33:35.931347Z|runtime|d3028314-3363-4525-824a-2183568ca432]Requirement already satisfied: keras==3.5.0 in /opt/homebrew/anaconda3/envs/intern/lib/python3.11/site-packages (3.5.0)
[MFLOG|0|2024-09-23T21:33:35.931576Z|runtime|bd8e19f8-33f0-407b-b5da-406676bce902]Requirement already satisfied: numpy==1.26.4 in /opt/homebrew/anaconda3/envs/intern/lib/python3.11/site-packages (1.26.4)
[MFLOG|0|2024-09-23T21:33:35.931713Z|runtime|934b8d85-f378-496d-949e-f2d78ac0d4da]Requirement already satisfied: pandas==2.1.4 in /opt/homebrew/anaconda3/envs/intern/lib/python3.11/site-packages (2.1.4)
[MFLOG|0|2024-09-23T21:33:35.931874Z|runtime|0021a2bf-a979-4809-a5f8-ffb46e60f509]Requirement already satisfied: scikit-learn==1.2.2 in /opt/homebrew/anaconda3/envs/intern/lib/python3.11/site-packages (1.2.2)
[MFLOG|0|2024-09-23T21:33:35.932028Z|runtime|951efe4f-60cd-49db-8929-db12014bc12f]Requirement already satisfied: transformers==4.44.2 in /opt/homebrew/anaconda3/envs/intern/lib/python3.11/site-packages (4.44.2)
[MFLOG|0|2024-09-23T21:33:35.932189Z|runtime|07bec729-e5b0-4877-8aa8-0da9a0da7908]Requirement already satisfied: h5py==3.11.0 in /opt/homebrew/anaconda3/envs/intern/lib/python3.11/site-packages (3.11.0)
[MFLOG|0|2024-09-23T21:33:35.932396Z|runtime|ae657821-db38-482e-a8df-5d69eb9d954a]Requirement already satisfied: six==1.16.0 in /opt/homebrew/anaconda3/envs/intern/lib/python3.11/site-packages (1.16.0)
[MFLOG|0|2024-09-23T21:33:36.239070Z|runtime|425a36a4-0802-4c7c-a104-951560034a7d]Collecting protobuf==4.24.4
[MFLOG|0|2024-09-23T21:33:36.295355Z|runtime|e0c3bec7-21b2-435f-94eb-7a1363590eef]  Downloading protobuf-4.24.4-cp37-abi3-macosx_10_9_universal2.whl.metadata (540 bytes)
[MFLOG|0|2024-09-23T21:33:36.323868Z|runtime|62683625-d367-46b2-b196-a2cdfa9d34b7]Collecting gast==0.5.4
[MFLOG|0|2024-09-23T21:33:36.325359Z|runtime|6c837d66-d608-4886-a4e9-d8e2bf1cb0a7]  Using cached gast-0.5.4-py3-none-any.whl.metadata (1.3 kB)
[MFLOG|0|2024-09-23T21:33:36.326552Z|runtime|2da78b8d-8611-45b8-8734-5dbe4c1de626]Requirement already satisfied: typing-extensions==4.12.2 in /opt/homebrew/anaconda3/envs/intern/lib/python3.11/site-packages (4.12.2)
[MFLOG|0|2024-09-23T21:33:36.329300Z|runtime|834fe7c4-8e39-483a-8bc3-6eeca8ed7bdc]Requirement already satisfied: absl-py>=1.0.0 in /opt/homebrew/anaconda3/envs/intern/lib/python3.11/site-packages (from tensorflow==2.17.0) (2.1.0)
[MFLOG|0|2024-09-23T21:33:36.329466Z|runtime|f4c8e635-fef7-4867-8cfd-8ffed0b7b96e]Requirement already satisfied: astunparse>=1.6.0 in /opt/homebrew/anaconda3/envs/intern/lib/python3.11/site-packages (from tensorflow==2.17.0) (1.6.3)
[MFLOG|0|2024-09-23T21:33:36.329633Z|runtime|fca536a3-c697-4e4e-813d-4846665fe81f]Requirement already satisfied: flatbuffers>=24.3.25 in /opt/homebrew/anaconda3/envs/intern/lib/python3.11/site-packages (from tensorflow==2.17.0) (24.3.25)
[MFLOG|0|2024-09-23T21:33:36.330387Z|runtime|44942538-350f-40e9-95d8-b3ff7f6f6146]Requirement already satisfied: google-pasta>=0.1.1 in /opt/homebrew/anaconda3/envs/intern/lib/python3.11/site-packages (from tensorflow==2.17.0) (0.2.0)
[MFLOG|0|2024-09-23T21:33:36.330592Z|runtime|53697c55-9ada-447d-8a59-3b99c190fea8]Requirement already satisfied: libclang>=13.0.0 in /opt/homebrew/anaconda3/envs/intern/lib/python3.11/site-packages (from tensorflow==2.17.0) (18.1.1)
[MFLOG|0|2024-09-23T21:33:36.330756Z|runtime|45586d27-6f36-4500-9bb9-0978e593fdef]Requirement already satisfied: ml-dtypes<0.5.0,>=0.3.1 in /opt/homebrew/anaconda3/envs/intern/lib/python3.11/site-packages (from tensorflow==2.17.0) (0.3.2)
[MFLOG|0|2024-09-23T21:33:36.330900Z|runtime|7487942e-4bc9-4c80-a5ab-5aefb50f9beb]Requirement already satisfied: opt-einsum>=2.3.2 in /opt/homebrew/anaconda3/envs/intern/lib/python3.11/site-packages (from tensorflow==2.17.0) (3.3.0)
[MFLOG|0|2024-09-23T21:33:36.331017Z|runtime|e138195e-9e33-48ff-b8fa-aa607d5e3ae7]Requirement already satisfied: packaging in /opt/homebrew/anaconda3/envs/intern/lib/python3.11/site-packages (from tensorflow==2.17.0) (24.1)
[MFLOG|0|2024-09-23T21:33:36.346075Z|runtime|3db67a2e-9937-4401-a693-de846b4a7d4e]Requirement already satisfied: requests<3,>=2.21.0 in /opt/homebrew/anaconda3/envs/intern/lib/python3.11/site-packages (from tensorflow==2.17.0) (2.32.3)
[MFLOG|0|2024-09-23T21:33:36.346729Z|runtime|086fe5c5-4a29-4080-8b7c-2929a869babd]Requirement already satisfied: setuptools in /opt/homebrew/anaconda3/envs/intern/lib/python3.11/site-packages (from tensorflow==2.17.0) (72.1.0)
[MFLOG|0|2024-09-23T21:33:36.346978Z|runtime|e8ec9dc1-3d96-4fcd-a73a-21592277b0a8]Requirement already satisfied: termcolor>=1.1.0 in /opt/homebrew/anaconda3/envs/intern/lib/python3.11/site-packages (from tensorflow==2.17.0) (2.4.0)
[MFLOG|0|2024-09-23T21:33:36.347198Z|runtime|acc5a353-e2ff-4b38-a8ba-41ff6729b348]Requirement already satisfied: wrapt>=1.11.0 in /opt/homebrew/anaconda3/envs/intern/lib/python3.11/site-packages (from tensorflow==2.17.0) (1.16.0)
[MFLOG|0|2024-09-23T21:33:36.347366Z|runtime|65280b85-4541-4340-b520-516bc5e0390b]Requirement already satisfied: grpcio<2.0,>=1.24.3 in /opt/homebrew/anaconda3/envs/intern/lib/python3.11/site-packages (from tensorflow==2.17.0) (1.66.1)
[MFLOG|0|2024-09-23T21:33:36.347530Z|runtime|6ae99bdd-b11d-495a-b4bd-340a33384ce0]Requirement already satisfied: tensorboard<2.18,>=2.17 in /opt/homebrew/anaconda3/envs/intern/lib/python3.11/site-packages (from tensorflow==2.17.0) (2.17.1)
[MFLOG|0|2024-09-23T21:33:36.347831Z|runtime|6d3c90e4-dea1-4e7f-942a-c7c5e35a9f25]Requirement already satisfied: tensorflow-io-gcs-filesystem>=0.23.1 in /opt/homebrew/anaconda3/envs/intern/lib/python3.11/site-packages (from tensorflow==2.17.0) (0.37.1)
[MFLOG|0|2024-09-23T21:33:36.348631Z|runtime|30ae9703-4919-47d5-bd5b-c64ef47f824a]Requirement already satisfied: rich in /opt/homebrew/anaconda3/envs/intern/lib/python3.11/site-packages (from keras==3.5.0) (13.8.0)
[MFLOG|0|2024-09-23T21:33:36.348796Z|runtime|8f265699-af43-48ef-91dd-f2caad473d5b]Requirement already satisfied: namex in /opt/homebrew/anaconda3/envs/intern/lib/python3.11/site-packages (from keras==3.5.0) (0.0.8)
[MFLOG|0|2024-09-23T21:33:36.349027Z|runtime|e5d0ade4-3d89-48a4-9910-15c89b8e358f]Requirement already satisfied: optree in /opt/homebrew/anaconda3/envs/intern/lib/python3.11/site-packages (from keras==3.5.0) (0.12.1)
[MFLOG|0|2024-09-23T21:33:36.355604Z|runtime|0f6c3302-0cfc-4f68-9dbc-165b4c722f64]Requirement already satisfied: python-dateutil>=2.8.2 in /opt/homebrew/anaconda3/envs/intern/lib/python3.11/site-packages (from pandas==2.1.4) (2.9.0.post0)
[MFLOG|0|2024-09-23T21:33:36.355765Z|runtime|6c644411-43cc-4531-96ad-e769fda0fbbc]Requirement already satisfied: pytz>=2020.1 in /opt/homebrew/anaconda3/envs/intern/lib/python3.11/site-packages (from pandas==2.1.4) (2024.1)
[MFLOG|0|2024-09-23T21:33:36.356123Z|runtime|43229f46-16e4-4f7f-b89e-af9dd8136f6f]Requirement already satisfied: tzdata>=2022.1 in /opt/homebrew/anaconda3/envs/intern/lib/python3.11/site-packages (from pandas==2.1.4) (2024.1)
[MFLOG|0|2024-09-23T21:33:36.358146Z|runtime|e5c6d758-e6b3-4c52-9022-31b4f52e6d8f]Requirement already satisfied: scipy>=1.3.2 in /opt/homebrew/anaconda3/envs/intern/lib/python3.11/site-packages (from scikit-learn==1.2.2) (1.14.1)
[MFLOG|0|2024-09-23T21:33:36.358296Z|runtime|19d95fcf-7410-4e9a-a4da-136bd31e5b50]Requirement already satisfied: joblib>=1.1.1 in /opt/homebrew/anaconda3/envs/intern/lib/python3.11/site-packages (from scikit-learn==1.2.2) (1.4.2)
[MFLOG|0|2024-09-23T21:33:36.358464Z|runtime|ef0713a7-bce1-4fb4-8c42-5aeb81b89bd4]Requirement already satisfied: threadpoolctl>=2.0.0 in /opt/homebrew/anaconda3/envs/intern/lib/python3.11/site-packages (from scikit-learn==1.2.2) (3.5.0)
[MFLOG|0|2024-09-23T21:33:36.370382Z|runtime|14866f01-f86a-43a6-9696-3edd89c511be]Requirement already satisfied: filelock in /opt/homebrew/anaconda3/envs/intern/lib/python3.11/site-packages (from transformers==4.44.2) (3.15.4)
[MFLOG|0|2024-09-23T21:33:36.370601Z|runtime|67cf2aca-1e61-4efb-8fae-42189627b48f]Requirement already satisfied: huggingface-hub<1.0,>=0.23.2 in /opt/homebrew/anaconda3/envs/intern/lib/python3.11/site-packages (from transformers==4.44.2) (0.25.0)
[MFLOG|0|2024-09-23T21:33:36.370910Z|runtime|a4058392-7e94-419e-8a67-69c1ed8ccd00]Requirement already satisfied: pyyaml>=5.1 in /opt/homebrew/anaconda3/envs/intern/lib/python3.11/site-packages (from transformers==4.44.2) (6.0.2)
[MFLOG|0|2024-09-23T21:33:36.371093Z|runtime|a16d6f2a-165c-48cb-b3a3-590c0fd27951]Requirement already satisfied: regex!=2019.12.17 in /opt/homebrew/anaconda3/envs/intern/lib/python3.11/site-packages (from transformers==4.44.2) (2024.9.11)
[MFLOG|0|2024-09-23T21:33:36.371313Z|runtime|7a759a6e-fe8a-4fa2-9570-bacdb8a267ea]Requirement already satisfied: safetensors>=0.4.1 in /opt/homebrew/anaconda3/envs/intern/lib/python3.11/site-packages (from transformers==4.44.2) (0.4.5)
[MFLOG|0|2024-09-23T21:33:36.371476Z|runtime|cb09b39e-acb3-48b9-ae82-1dda09d95d42]Requirement already satisfied: tokenizers<0.20,>=0.19 in /opt/homebrew/anaconda3/envs/intern/lib/python3.11/site-packages (from transformers==4.44.2) (0.19.1)
[MFLOG|0|2024-09-23T21:33:36.371652Z|runtime|8591e752-3a74-4a43-8ca0-587561272d47]Requirement already satisfied: tqdm>=4.27 in /opt/homebrew/anaconda3/envs/intern/lib/python3.11/site-packages (from transformers==4.44.2) (4.66.5)
[MFLOG|0|2024-09-23T21:33:36.375437Z|runtime|e9e90a50-c18a-41c7-bdcc-dc98b2587110]Requirement already satisfied: wheel<1.0,>=0.23.0 in /opt/homebrew/anaconda3/envs/intern/lib/python3.11/site-packages (from astunparse>=1.6.0->tensorflow==2.17.0) (0.43.0)
[MFLOG|0|2024-09-23T21:33:36.380182Z|runtime|1c92f5a8-3f95-45db-a41b-124b63ae56a8]Requirement already satisfied: fsspec>=2023.5.0 in /opt/homebrew/anaconda3/envs/intern/lib/python3.11/site-packages (from huggingface-hub<1.0,>=0.23.2->transformers==4.44.2) (2024.6.1)
[MFLOG|0|2024-09-23T21:33:36.387139Z|runtime|f2361ad4-a564-44b9-a131-20e2aa9aed67]Requirement already satisfied: charset-normalizer<4,>=2 in /opt/homebrew/anaconda3/envs/intern/lib/python3.11/site-packages (from requests<3,>=2.21.0->tensorflow==2.17.0) (3.3.2)
[MFLOG|0|2024-09-23T21:33:36.387313Z|runtime|daf87b37-0f54-4fd2-97ea-a4cf7ac517b6]Requirement already satisfied: idna<4,>=2.5 in /opt/homebrew/anaconda3/envs/intern/lib/python3.11/site-packages (from requests<3,>=2.21.0->tensorflow==2.17.0) (3.8)
[MFLOG|0|2024-09-23T21:33:36.387835Z|runtime|d023e8f5-4db5-41e8-9f2e-dcf35c0b01f9]Requirement already satisfied: urllib3<3,>=1.21.1 in /opt/homebrew/anaconda3/envs/intern/lib/python3.11/site-packages (from requests<3,>=2.21.0->tensorflow==2.17.0) (2.2.2)
[MFLOG|0|2024-09-23T21:33:36.387992Z|runtime|33b9cc7a-2a3e-46db-9abf-644149934ec4]Requirement already satisfied: certifi>=2017.4.17 in /opt/homebrew/anaconda3/envs/intern/lib/python3.11/site-packages (from requests<3,>=2.21.0->tensorflow==2.17.0) (2024.8.30)
[MFLOG|0|2024-09-23T21:33:36.393647Z|runtime|ac9972c9-21ff-4a85-b18b-698a1c2a4d6f]Requirement already satisfied: markdown>=2.6.8 in /opt/homebrew/anaconda3/envs/intern/lib/python3.11/site-packages (from tensorboard<2.18,>=2.17->tensorflow==2.17.0) (3.7)
[MFLOG|0|2024-09-23T21:33:36.409934Z|runtime|20f3b973-6d7f-46fb-992f-a0930c1cc9e7]Requirement already satisfied: tensorboard-data-server<0.8.0,>=0.7.0 in /opt/homebrew/anaconda3/envs/intern/lib/python3.11/site-packages (from tensorboard<2.18,>=2.17->tensorflow==2.17.0) (0.7.2)
[MFLOG|0|2024-09-23T21:33:36.410115Z|runtime|e3aadc24-69b8-43a6-8cc6-b5c01bd7675d]Requirement already satisfied: werkzeug>=1.0.1 in /opt/homebrew/anaconda3/envs/intern/lib/python3.11/site-packages (from tensorboard<2.18,>=2.17->tensorflow==2.17.0) (3.0.4)
[MFLOG|0|2024-09-23T21:33:36.422146Z|runtime|bc71a3f2-4601-4779-b88d-83d00798eba2]Requirement already satisfied: markdown-it-py>=2.2.0 in /opt/homebrew/anaconda3/envs/intern/lib/python3.11/site-packages (from rich->keras==3.5.0) (3.0.0)
[MFLOG|0|2024-09-23T21:33:36.422319Z|runtime|cad0b9fc-e727-4815-b58f-b50b05cec883]Requirement already satisfied: pygments<3.0.0,>=2.13.0 in /opt/homebrew/anaconda3/envs/intern/lib/python3.11/site-packages (from rich->keras==3.5.0) (2.18.0)
[MFLOG|0|2024-09-23T21:33:36.430241Z|runtime|339cfce3-ba24-4379-9f17-cbcda6a4045b]Requirement already satisfied: mdurl~=0.1 in /opt/homebrew/anaconda3/envs/intern/lib/python3.11/site-packages (from markdown-it-py>=2.2.0->rich->keras==3.5.0) (0.1.2)
[MFLOG|0|2024-09-23T21:33:36.432871Z|runtime|1936deb3-8ebb-4b28-b348-95900a2c9148]Requirement already satisfied: MarkupSafe>=2.1.1 in /opt/homebrew/anaconda3/envs/intern/lib/python3.11/site-packages (from werkzeug>=1.0.1->tensorboard<2.18,>=2.17->tensorflow==2.17.0) (2.1.5)
[MFLOG|0|2024-09-23T21:33:36.445670Z|runtime|1aca468e-25f9-4a51-b1fa-1016928962aa]Downloading protobuf-4.24.4-cp37-abi3-macosx_10_9_universal2.whl (409 kB)
[MFLOG|0|2024-09-23T21:33:36.687546Z|runtime|29509a6d-a5da-4480-b471-c71356c51501]Using cached gast-0.5.4-py3-none-any.whl (19 kB)
[MFLOG|0|2024-09-23T21:33:36.826696Z|runtime|ffc419db-4c81-4263-93ad-ea7504f7a1fa]Installing collected packages: protobuf, gast
[MFLOG|0|2024-09-23T21:33:36.826797Z|runtime|63ccc297-3465-449a-8a62-17db21f484c4]  Attempting uninstall: protobuf
[MFLOG|0|2024-09-23T21:33:36.827948Z|runtime|800b3b8e-ed2a-4753-8fa3-c3585daae7a4]    Found existing installation: protobuf 4.25.4
[MFLOG|0|2024-09-23T21:33:36.831567Z|runtime|a675220a-632f-4e17-8549-3523e23700ef]    Uninstalling protobuf-4.25.4:
[MFLOG|0|2024-09-23T21:33:36.833003Z|runtime|4ca41fab-0654-4a6d-b402-af424d56aed3]      Successfully uninstalled protobuf-4.25.4
[MFLOG|0|2024-09-23T21:33:36.890636Z|runtime|4f9ecca0-d649-48bd-95e9-d2bd60b9c78a]  Attempting uninstall: gast
[MFLOG|0|2024-09-23T21:33:36.893442Z|runtime|475ea2da-b6e7-41af-a237-820202c4f071]    Found existing installation: gast 0.6.0
[MFLOG|0|2024-09-23T21:33:36.894540Z|runtime|1dd12489-2e2e-447f-be83-cfbef8a233a0]    Uninstalling gast-0.6.0:
[MFLOG|0|2024-09-23T21:33:36.894993Z|runtime|a30cd836-64b8-40c0-b25f-a5a9c47b3687]      Successfully uninstalled gast-0.6.0
[MFLOG|0|2024-09-23T21:33:36.912930Z|runtime|ba451ecf-a474-4c7d-b950-a36c5bb1287c]Successfully installed gast-0.5.4 protobuf-4.24.4
[MFLOG|0|2024-09-23T21:33:36.976505Z|runtime|3bf3ddfd-868f-456b-b626-d8f20b3d6c7b]Packages installed successfully.
[MFLOG|0|2024-09-23T21:33:37.214460Z|runtime|a03765a8-d55d-4730-8636-396038046dad]Starting the training flow...
