[MFLOG|0|2024-09-23T20:34:15.907741Z|runtime|dea7daaf-70e9-414f-a9c5-8c8039222cd4]Training the model...
[MFLOG|0|2024-09-23T20:34:15.963307Z|runtime|971bf662-63eb-4d10-a9e6-df18cecc790a]Epoch 1/10
[MFLOG|0|2024-09-23T20:34:17.091010Z|runtime|1df6f214-9e05-479d-a3a1-f6511dd23ce7]157/157 - 1s - 7ms/step - accuracy: 0.9004 - loss: 0.3586
[MFLOG|0|2024-09-23T20:34:17.091256Z|runtime|aa516b57-a839-4135-8917-b136b3121385]Epoch 2/10
[MFLOG|0|2024-09-23T20:34:17.466267Z|runtime|646ffa21-2378-4cdc-9cfe-6543e437e23c]157/157 - 0s - 2ms/step - accuracy: 0.9670 - loss: 0.1096
[MFLOG|0|2024-09-23T20:34:17.466509Z|runtime|fb3fd33e-36fe-45f6-8105-178d9b977828]Epoch 3/10
[MFLOG|0|2024-09-23T20:34:17.839314Z|runtime|34f8b335-28bd-4855-9645-acdaee6c5180]157/157 - 0s - 2ms/step - accuracy: 0.9724 - loss: 0.0910
[MFLOG|0|2024-09-23T20:34:17.839553Z|runtime|4575a660-121a-4efa-ae24-258852ab6252]Epoch 4/10
[MFLOG|0|2024-09-23T20:34:18.220032Z|runtime|fec83711-a65b-425d-bafb-bb502e81c593]157/157 - 0s - 2ms/step - accuracy: 0.9770 - loss: 0.0730
[MFLOG|0|2024-09-23T20:34:18.220258Z|runtime|4f4a778f-c474-4eb3-be09-3708e48c8739]Epoch 5/10
[MFLOG|0|2024-09-23T20:34:18.595140Z|runtime|4496f6b4-b645-4774-bbe9-dc100f927036]157/157 - 0s - 2ms/step - accuracy: 0.9872 - loss: 0.0534
[MFLOG|0|2024-09-23T20:34:18.595390Z|runtime|f1f2f9b2-b3d9-469c-adb3-868dd1b7129a]Epoch 6/10
[MFLOG|0|2024-09-23T20:34:18.970066Z|runtime|adab5838-a1fa-4a86-abda-c92ab7c22e0f]157/157 - 0s - 2ms/step - accuracy: 0.9884 - loss: 0.0450
[MFLOG|0|2024-09-23T20:34:18.970295Z|runtime|d1b52d4f-77c0-43c8-8fbd-ad540d0da7eb]Epoch 7/10
[MFLOG|0|2024-09-23T20:34:19.343239Z|runtime|9dbb388c-47d4-41bb-924d-423bf52c06c4]157/157 - 0s - 2ms/step - accuracy: 0.9902 - loss: 0.0367
[MFLOG|0|2024-09-23T20:34:19.343474Z|runtime|ff9d113c-3088-48f0-bc17-fca8f533240a]Epoch 8/10
[MFLOG|0|2024-09-23T20:34:19.715713Z|runtime|59d5ae20-88a1-45b4-9009-6a04675047de]157/157 - 0s - 2ms/step - accuracy: 0.9906 - loss: 0.0311
[MFLOG|0|2024-09-23T20:34:19.715904Z|runtime|fab0dcdc-0140-4fde-bfc6-767201a74c83]Epoch 9/10
[MFLOG|0|2024-09-23T20:34:20.091922Z|runtime|3f8a7d0d-7050-4c8c-ad06-038f475e6c72]157/157 - 0s - 2ms/step - accuracy: 0.9924 - loss: 0.0275
[MFLOG|0|2024-09-23T20:34:20.092169Z|runtime|b9697128-a845-474a-9f11-56efa5222258]Epoch 10/10
[MFLOG|0|2024-09-23T20:34:20.465532Z|runtime|39819100-a1de-418a-99b9-ad4b8717bc3e]157/157 - 0s - 2ms/step - accuracy: 0.9920 - loss: 0.0257
