[MFLOG|0|2024-09-23T21:35:20.785928Z|runtime|18806f12-ffe7-463c-bda5-522ecf9ca465]Installing required packages...
[MFLOG|0|2024-09-23T21:35:20.972591Z|runtime|e24159dc-17ee-4443-b97b-14ac5077b573]Requirement already satisfied: tensorflow==2.17.0 in /opt/homebrew/anaconda3/envs/intern/lib/python3.11/site-packages (2.17.0)
[MFLOG|0|2024-09-23T21:35:20.972800Z|runtime|bb74ecd9-e5ef-46cf-a165-421c32359faf]Requirement already satisfied: keras==3.5.0 in /opt/homebrew/anaconda3/envs/intern/lib/python3.11/site-packages (3.5.0)
[MFLOG|0|2024-09-23T21:35:20.972986Z|runtime|45993f35-9bc9-4a3d-8e0e-bc6180337273]Requirement already satisfied: numpy==1.26.4 in /opt/homebrew/anaconda3/envs/intern/lib/python3.11/site-packages (1.26.4)
[MFLOG|0|2024-09-23T21:35:20.973187Z|runtime|ca7b47c0-e67b-4b31-be43-a3de98d0f13e]Requirement already satisfied: pandas==2.1.4 in /opt/homebrew/anaconda3/envs/intern/lib/python3.11/site-packages (2.1.4)
[MFLOG|0|2024-09-23T21:35:20.973344Z|runtime|dcf04d0f-5973-49dc-8b14-5c6c34bc11d8]Requirement already satisfied: scikit-learn==1.2.2 in /opt/homebrew/anaconda3/envs/intern/lib/python3.11/site-packages (1.2.2)
[MFLOG|0|2024-09-23T21:35:20.973503Z|runtime|a6f0dd54-7c1b-48ba-8ad1-b90f86f8ae2c]Requirement already satisfied: transformers==4.44.2 in /opt/homebrew/anaconda3/envs/intern/lib/python3.11/site-packages (4.44.2)
[MFLOG|0|2024-09-23T21:35:20.973676Z|runtime|3930c5d1-7893-4143-b105-a7392d0eb61f]Requirement already satisfied: h5py==3.11.0 in /opt/homebrew/anaconda3/envs/intern/lib/python3.11/site-packages (3.11.0)
[MFLOG|0|2024-09-23T21:35:20.973889Z|runtime|4019f9a9-7e82-4a2c-bef0-6f8284a5bad1]Requirement already satisfied: six==1.16.0 in /opt/homebrew/anaconda3/envs/intern/lib/python3.11/site-packages (1.16.0)
[MFLOG|0|2024-09-23T21:35:20.974048Z|runtime|90066772-2f6c-45d9-bfb8-de7fe8a34ea8]Requirement already satisfied: protobuf==4.24.4 in /opt/homebrew/anaconda3/envs/intern/lib/python3.11/site-packages (4.24.4)
[MFLOG|0|2024-09-23T21:35:20.974207Z|runtime|909cf3ce-da38-4124-9ea5-c0718394d271]Requirement already satisfied: gast==0.5.4 in /opt/homebrew/anaconda3/envs/intern/lib/python3.11/site-packages (0.5.4)
[MFLOG|0|2024-09-23T21:35:20.974363Z|runtime|d4b9c4ce-e193-4840-839e-c23f2fcb0b0d]Requirement already satisfied: typing-extensions==4.12.2 in /opt/homebrew/anaconda3/envs/intern/lib/python3.11/site-packages (4.12.2)
[MFLOG|0|2024-09-23T21:35:20.976481Z|runtime|7d265155-b042-4973-845d-dae36816f129]Requirement already satisfied: absl-py>=1.0.0 in /opt/homebrew/anaconda3/envs/intern/lib/python3.11/site-packages (from tensorflow==2.17.0) (2.1.0)
[MFLOG|0|2024-09-23T21:35:20.976665Z|runtime|4147a45c-5dde-450a-b6da-c421f121f7a3]Requirement already satisfied: astunparse>=1.6.0 in /opt/homebrew/anaconda3/envs/intern/lib/python3.11/site-packages (from tensorflow==2.17.0) (1.6.3)
[MFLOG|0|2024-09-23T21:35:20.976832Z|runtime|bae0911c-8b25-4bf0-bad3-0623ced975aa]Requirement already satisfied: flatbuffers>=24.3.25 in /opt/homebrew/anaconda3/envs/intern/lib/python3.11/site-packages (from tensorflow==2.17.0) (24.3.25)
[MFLOG|0|2024-09-23T21:35:20.977057Z|runtime|1f0cf898-b3f5-488c-b492-021665ae982b]Requirement already satisfied: google-pasta>=0.1.1 in /opt/homebrew/anaconda3/envs/intern/lib/python3.11/site-packages (from tensorflow==2.17.0) (0.2.0)
[MFLOG|0|2024-09-23T21:35:20.977253Z|runtime|352f0297-5ddc-444c-97e9-4d1388daa17b]Requirement already satisfied: libclang>=13.0.0 in /opt/homebrew/anaconda3/envs/intern/lib/python3.11/site-packages (from tensorflow==2.17.0) (18.1.1)
[MFLOG|0|2024-09-23T21:35:20.977437Z|runtime|90df749d-378e-4474-bc80-2a11841dd073]Requirement already satisfied: ml-dtypes<0.5.0,>=0.3.1 in /opt/homebrew/anaconda3/envs/intern/lib/python3.11/site-packages (from tensorflow==2.17.0) (0.3.2)
[MFLOG|0|2024-09-23T21:35:20.977586Z|runtime|d123b7e9-3d96-46a5-a86f-a91696f0d363]Requirement already satisfied: opt-einsum>=2.3.2 in /opt/homebrew/anaconda3/envs/intern/lib/python3.11/site-packages (from tensorflow==2.17.0) (3.3.0)
[MFLOG|0|2024-09-23T21:35:20.977713Z|runtime|67052e68-97be-414f-977c-8ee8a546b229]Requirement already satisfied: packaging in /opt/homebrew/anaconda3/envs/intern/lib/python3.11/site-packages (from tensorflow==2.17.0) (24.1)
[MFLOG|0|2024-09-23T21:35:20.977951Z|runtime|415333b2-1376-4f80-94fb-fb339fffff01]Requirement already satisfied: requests<3,>=2.21.0 in /opt/homebrew/anaconda3/envs/intern/lib/python3.11/site-packages (from tensorflow==2.17.0) (2.32.3)
[MFLOG|0|2024-09-23T21:35:20.978478Z|runtime|ecdb8fab-ccd0-4d65-835c-6a8dbb8e85f2]Requirement already satisfied: setuptools in /opt/homebrew/anaconda3/envs/intern/lib/python3.11/site-packages (from tensorflow==2.17.0) (72.1.0)
[MFLOG|0|2024-09-23T21:35:20.978676Z|runtime|0fea5557-8a44-48ae-9e4f-34e9844d271a]Requirement already satisfied: termcolor>=1.1.0 in /opt/homebrew/anaconda3/envs/intern/lib/python3.11/site-packages (from tensorflow==2.17.0) (2.4.0)
[MFLOG|0|2024-09-23T21:35:20.978866Z|runtime|e1462f09-cb02-48a0-b414-07b5234c79d8]Requirement already satisfied: wrapt>=1.11.0 in /opt/homebrew/anaconda3/envs/intern/lib/python3.11/site-packages (from tensorflow==2.17.0) (1.16.0)
[MFLOG|0|2024-09-23T21:35:20.979014Z|runtime|c8e029cc-cc29-48e4-95b7-fea2d9a61846]Requirement already satisfied: grpcio<2.0,>=1.24.3 in /opt/homebrew/anaconda3/envs/intern/lib/python3.11/site-packages (from tensorflow==2.17.0) (1.66.1)
[MFLOG|0|2024-09-23T21:35:20.979166Z|runtime|fa687cde-a3fd-4119-8696-ed4bff3d65e8]Requirement already satisfied: tensorboard<2.18,>=2.17 in /opt/homebrew/anaconda3/envs/intern/lib/python3.11/site-packages (from tensorflow==2.17.0) (2.17.1)
[MFLOG|0|2024-09-23T21:35:20.979424Z|runtime|160012a9-cf8c-465a-bb83-06a503aaec7f]Requirement already satisfied: tensorflow-io-gcs-filesystem>=0.23.1 in /opt/homebrew/anaconda3/envs/intern/lib/python3.11/site-packages (from tensorflow==2.17.0) (0.37.1)
[MFLOG|0|2024-09-23T21:35:20.980033Z|runtime|4bc257c8-f1c2-4a1f-8484-63eace273e12]Requirement already satisfied: rich in /opt/homebrew/anaconda3/envs/intern/lib/python3.11/site-packages (from keras==3.5.0) (13.8.0)
[MFLOG|0|2024-09-23T21:35:20.980169Z|runtime|a3a7a0c6-c030-407f-ba18-83826c39d3b9]Requirement already satisfied: namex in /opt/homebrew/anaconda3/envs/intern/lib/python3.11/site-packages (from keras==3.5.0) (0.0.8)
[MFLOG|0|2024-09-23T21:35:20.980417Z|runtime|861e98ff-7793-4350-82b0-82340422240c]Requirement already satisfied: optree in /opt/homebrew/anaconda3/envs/intern/lib/python3.11/site-packages (from keras==3.5.0) (0.12.1)
[MFLOG|0|2024-09-23T21:35:20.987178Z|runtime|6255f859-9a7f-41e4-b74e-2533380c44e2]Requirement already satisfied: python-dateutil>=2.8.2 in /opt/homebrew/anaconda3/envs/intern/lib/python3.11/site-packages (from pandas==2.1.4) (2.9.0.post0)
[MFLOG|0|2024-09-23T21:35:20.987340Z|runtime|4ece892e-d11c-4da0-9281-3e01c1de9d73]Requirement already satisfied: pytz>=2020.1 in /opt/homebrew/anaconda3/envs/intern/lib/python3.11/site-packages (from pandas==2.1.4) (2024.1)
[MFLOG|0|2024-09-23T21:35:20.987508Z|runtime|0380e241-7b1c-4ad9-9263-625024494c85]Requirement already satisfied: tzdata>=2022.1 in /opt/homebrew/anaconda3/envs/intern/lib/python3.11/site-packages (from pandas==2.1.4) (2024.1)
[MFLOG|0|2024-09-23T21:35:20.989436Z|runtime|56a69429-2340-46c5-87b9-ceb1ab9931bf]Requirement already satisfied: scipy>=1.3.2 in /opt/homebrew/anaconda3/envs/intern/lib/python3.11/site-packages (from scikit-learn==1.2.2) (1.14.1)
[MFLOG|0|2024-09-23T21:35:20.989597Z|runtime|e9f9b27b-4657-4b62-838f-f69935b8bbbe]Requirement already satisfied: joblib>=1.1.1 in /opt/homebrew/anaconda3/envs/intern/lib/python3.11/site-packages (from scikit-learn==1.2.2) (1.4.2)
[MFLOG|0|2024-09-23T21:35:20.989933Z|runtime|2466afb2-208e-415a-82ba-4669182d448f]Requirement already satisfied: threadpoolctl>=2.0.0 in /opt/homebrew/anaconda3/envs/intern/lib/python3.11/site-packages (from scikit-learn==1.2.2) (3.5.0)
[MFLOG|0|2024-09-23T21:35:21.010919Z|runtime|324b7ce0-2582-451a-a262-c8299031e228]Requirement already satisfied: filelock in /opt/homebrew/anaconda3/envs/intern/lib/python3.11/site-packages (from transformers==4.44.2) (3.15.4)
[MFLOG|0|2024-09-23T21:35:21.011191Z|runtime|48bfdb6c-3fd8-4b05-b1b1-5cb202ef8b27]Requirement already satisfied: huggingface-hub<1.0,>=0.23.2 in /opt/homebrew/anaconda3/envs/intern/lib/python3.11/site-packages (from transformers==4.44.2) (0.25.0)
[MFLOG|0|2024-09-23T21:35:21.011469Z|runtime|e7c8bdbf-663f-40bf-a567-2d5f5389c3cf]Requirement already satisfied: pyyaml>=5.1 in /opt/homebrew/anaconda3/envs/intern/lib/python3.11/site-packages (from transformers==4.44.2) (6.0.2)
[MFLOG|0|2024-09-23T21:35:21.011594Z|runtime|af050c70-1997-4acd-a56f-a3d47758e456]Requirement already satisfied: regex!=2019.12.17 in /opt/homebrew/anaconda3/envs/intern/lib/python3.11/site-packages (from transformers==4.44.2) (2024.9.11)
[MFLOG|0|2024-09-23T21:35:21.011821Z|runtime|1ba67fd4-fcf2-4eb9-86a8-9ec388000fe6]Requirement already satisfied: safetensors>=0.4.1 in /opt/homebrew/anaconda3/envs/intern/lib/python3.11/site-packages (from transformers==4.44.2) (0.4.5)
[MFLOG|0|2024-09-23T21:35:21.011980Z|runtime|aeb1b314-bf3a-4f74-99dc-81fd6ce07388]Requirement already satisfied: tokenizers<0.20,>=0.19 in /opt/homebrew/anaconda3/envs/intern/lib/python3.11/site-packages (from transformers==4.44.2) (0.19.1)
[MFLOG|0|2024-09-23T21:35:21.012173Z|runtime|c1ed24d4-d4f8-4b62-bb63-f2fde8f91598]Requirement already satisfied: tqdm>=4.27 in /opt/homebrew/anaconda3/envs/intern/lib/python3.11/site-packages (from transformers==4.44.2) (4.66.5)
[MFLOG|0|2024-09-23T21:35:21.015432Z|runtime|d0d3c81d-86d8-4749-9dbf-dc6456fc38df]Requirement already satisfied: wheel<1.0,>=0.23.0 in /opt/homebrew/anaconda3/envs/intern/lib/python3.11/site-packages (from astunparse>=1.6.0->tensorflow==2.17.0) (0.43.0)
[MFLOG|0|2024-09-23T21:35:21.020283Z|runtime|69be391a-ed61-424e-ae7a-5d05402e58e5]Requirement already satisfied: fsspec>=2023.5.0 in /opt/homebrew/anaconda3/envs/intern/lib/python3.11/site-packages (from huggingface-hub<1.0,>=0.23.2->transformers==4.44.2) (2024.6.1)
[MFLOG|0|2024-09-23T21:35:21.027813Z|runtime|7e786655-f9a7-42b7-9ee1-620753797441]Requirement already satisfied: charset-normalizer<4,>=2 in /opt/homebrew/anaconda3/envs/intern/lib/python3.11/site-packages (from requests<3,>=2.21.0->tensorflow==2.17.0) (3.3.2)
[MFLOG|0|2024-09-23T21:35:21.027983Z|runtime|43acb648-fa81-4217-95ec-ebd22fab170c]Requirement already satisfied: idna<4,>=2.5 in /opt/homebrew/anaconda3/envs/intern/lib/python3.11/site-packages (from requests<3,>=2.21.0->tensorflow==2.17.0) (3.8)
[MFLOG|0|2024-09-23T21:35:21.028178Z|runtime|d4fe831e-9a8e-4da2-a4a8-e7a37d7f232a]Requirement already satisfied: urllib3<3,>=1.21.1 in /opt/homebrew/anaconda3/envs/intern/lib/python3.11/site-packages (from requests<3,>=2.21.0->tensorflow==2.17.0) (2.2.2)
[MFLOG|0|2024-09-23T21:35:21.028301Z|runtime|2c3d9949-011e-491b-9938-66d10844672d]Requirement already satisfied: certifi>=2017.4.17 in /opt/homebrew/anaconda3/envs/intern/lib/python3.11/site-packages (from requests<3,>=2.21.0->tensorflow==2.17.0) (2024.8.30)
[MFLOG|0|2024-09-23T21:35:21.034581Z|runtime|1fdf6406-569d-4df6-86aa-351409089ec4]Requirement already satisfied: markdown>=2.6.8 in /opt/homebrew/anaconda3/envs/intern/lib/python3.11/site-packages (from tensorboard<2.18,>=2.17->tensorflow==2.17.0) (3.7)
[MFLOG|0|2024-09-23T21:35:21.035358Z|runtime|e0ab2eaa-972c-4fd4-9e99-31fd02732b9e]Requirement already satisfied: tensorboard-data-server<0.8.0,>=0.7.0 in /opt/homebrew/anaconda3/envs/intern/lib/python3.11/site-packages (from tensorboard<2.18,>=2.17->tensorflow==2.17.0) (0.7.2)
[MFLOG|0|2024-09-23T21:35:21.035523Z|runtime|f3f4e039-aa33-4263-8c0a-84d45d4e3628]Requirement already satisfied: werkzeug>=1.0.1 in /opt/homebrew/anaconda3/envs/intern/lib/python3.11/site-packages (from tensorboard<2.18,>=2.17->tensorflow==2.17.0) (3.0.4)
[MFLOG|0|2024-09-23T21:35:21.048076Z|runtime|6c7560db-096a-4cd4-a47f-03744e73e555]Requirement already satisfied: markdown-it-py>=2.2.0 in /opt/homebrew/anaconda3/envs/intern/lib/python3.11/site-packages (from rich->keras==3.5.0) (3.0.0)
[MFLOG|0|2024-09-23T21:35:21.048259Z|runtime|aea89ab9-15e8-4ee9-a980-e896624163af]Requirement already satisfied: pygments<3.0.0,>=2.13.0 in /opt/homebrew/anaconda3/envs/intern/lib/python3.11/site-packages (from rich->keras==3.5.0) (2.18.0)
[MFLOG|0|2024-09-23T21:35:21.056360Z|runtime|e5ececfd-9ac6-4e88-b1fd-aab9e02f63fc]Requirement already satisfied: mdurl~=0.1 in /opt/homebrew/anaconda3/envs/intern/lib/python3.11/site-packages (from markdown-it-py>=2.2.0->rich->keras==3.5.0) (0.1.2)
[MFLOG|0|2024-09-23T21:35:21.059394Z|runtime|8cf77425-d761-407b-acbf-fee253f99211]Requirement already satisfied: MarkupSafe>=2.1.1 in /opt/homebrew/anaconda3/envs/intern/lib/python3.11/site-packages (from werkzeug>=1.0.1->tensorboard<2.18,>=2.17->tensorflow==2.17.0) (2.1.5)
[MFLOG|0|2024-09-23T21:35:21.263000Z|runtime|eabbb867-4fce-4494-b4b0-7a83567346dc]Packages installed successfully.
[MFLOG|0|2024-09-23T21:35:21.421816Z|runtime|ccc59859-691e-4388-8d04-79e3ce884150]Starting the training flow...
